Arguments: 
  /usr/bin/node /usr/bin/yarn build

PATH: 
  /home/alexei/.rvm/gems/ruby-3.0.2/bin:/home/alexei/.rvm/gems/ruby-3.0.2@global/bin:/home/alexei/.rvm/rubies/ruby-3.0.2/bin:/home/alexei/.rvm/bin:/usr/local/sbin:/usr/local/bin:/usr/sbin:/usr/bin:/sbin:/bin:/usr/games:/usr/local/games:/snap/bin

Yarn version: 
  1.22.19

Node version: 
  14.20.0

Platform: 
  linux x64

Trace: 
  SyntaxError: /home/alexei/goodprogrammer/pet_project/package.json: Unexpected string in JSON at position 361
      at JSON.parse (<anonymous>)
      at /usr/lib/node_modules/yarn/lib/cli.js:1629:59
      at Generator.next (<anonymous>)
      at step (/usr/lib/node_modules/yarn/lib/cli.js:310:30)
      at /usr/lib/node_modules/yarn/lib/cli.js:321:13

npm manifest: 
  {
    "name": "app",
    "private": "true",
    "dependencies": {
      "@popperjs/core": "^2.11.6",
      "bootstrap": "^5.2.1",
      "bootstrap-icons": "^1.9.1",
      "sass": "^1.54.9",
      "webpack": "^5.74.0",
      "webpack-cli": "^4.10.0",
      "@rails/ujs": "^6.0.0",
      "turbolinks": "^5.2.0"
    },
    "scripts": {
      "build": "webpack --config webpack.config.js"
      "build:css": "sass ./app/assets/stylesheets/application.bootstrap.scss:./app/assets/builds/application.css --no-source-map --load-path=node_modules"
    }
  }

yarn manifest: 
  No manifest

Lockfile: 
  No lockfile
